--- Job Cars.gms Start 09/28/25 16:52:27 51.1.0 2d039df5 DAX-DAC arm 64bit/macOS
--- Applying:
    /Library/Frameworks/GAMS.framework/Versions/51/Resources/gmsprmun.txt
--- GAMS Parameters defined
    Input "/Users/anabelle/Documents/Systems Analysis/CEE-5410-Myers/GAMS/Cars.gms"
    PageSize 0
    ScrDir "/Users/anabelle/Documents/Systems Analysis/CEE-5410-Myers/GAMS/225a/"
    SysDir /Library/Frameworks/GAMS.framework/Versions/51/Resources/
    LogOption 3
    AppendLog 1
    ErrMsg 1
    ErrorLog 99
    IDE 1
    LstTitleLeftAligned 1
Licensee: GAMS Demo, for EULA and demo limitations see   G250826+0003Cc-GEN
          https://www.gams.com/latest/docs/UG%5FLicense.html         DC0000
          /Library/Frameworks/GAMS.framework/Versions/51/Resources/gamslice.txt
          v:2                                                              
          Demo license for demonstration and instructional purposes only
System information: 8 physical cores and 8 Gb physical memory detected
GAMS 51.1.0   Copyright (C) 1987-2025 GAMS Development. All rights reserved
--- Starting compilation
--- Cars.gms(54) 3 Mb 1 Error
*** Error 170 in /Users/anabelle/Documents/Systems Analysis/CEE-5410-Myers/GAMS/Cars.gms
    Domain violation for element
--- Cars.gms(59) 3 Mb 2 Errors
*** Error 140 in /Users/anabelle/Documents/Systems Analysis/CEE-5410-Myers/GAMS/Cars.gms
    Unknown symbol
--- Cars.gms(60) 3 Mb 3 Errors
*** Error  36 in /Users/anabelle/Documents/Systems Analysis/CEE-5410-Myers/GAMS/Cars.gms
    '=' or '..' or ':=' or '$=' operator expected
    rest of statement ignored
--- Cars.gms(67) 3 Mb 4 Errors
*** Error 225 in /Users/anabelle/Documents/Systems Analysis/CEE-5410-Myers/GAMS/Cars.gms
    Floating entry ignored
--- Cars.gms(68) 3 Mb 5 Errors
*** Error 226 in /Users/anabelle/Documents/Systems Analysis/CEE-5410-Myers/GAMS/Cars.gms
    Multiple entry ignored
--- Cars.gms(92) 3 Mb 6 Errors
*** Error 140 in /Users/anabelle/Documents/Systems Analysis/CEE-5410-Myers/GAMS/Cars.gms
    Unknown symbol
--- Cars.gms(97) 3 Mb 7 Errors
*** Error 148 in /Users/anabelle/Documents/Systems Analysis/CEE-5410-Myers/GAMS/Cars.gms
    Dimension different - The symbol is referenced with more/less
       indices as declared
--- Cars.gms(107) 3 Mb 10 Errors
*** Error 140 in /Users/anabelle/Documents/Systems Analysis/CEE-5410-Myers/GAMS/Cars.gms
    Unknown symbol
*** Error 241 in /Users/anabelle/Documents/Systems Analysis/CEE-5410-Myers/GAMS/Cars.gms
    Model has not been defined
*** Error 257 in /Users/anabelle/Documents/Systems Analysis/CEE-5410-Myers/GAMS/Cars.gms
    Solve statement not checked because of previous errors
--- Cars.gms(109) 3 Mb 10 Errors
*** Status: Compilation error(s)
--- Job Cars.gms Stop 09/28/25 16:52:27 elapsed 0:00:00.008
